2023-12-20T13:04:43.828+07:00  INFO 19136 --- [main] com.example.demo.DemoApplication         : Starting DemoApplication using Java 21.0.1 with PID 19136 (C:\Users\asus\Downloads\demo (3)\demo\target\classes started by asus in C:\Users\asus\Downloads\demo (3))
2023-12-20T13:04:43.829+07:00 DEBUG 19136 --- [main] com.example.demo.DemoApplication         : Running with Spring Boot v3.2.0, Spring v6.1.1
2023-12-20T13:04:43.830+07:00  INFO 19136 --- [main] com.example.demo.DemoApplication         : No active profile set, falling back to 1 default profile: "default"
2023-12-20T13:04:44.572+07:00  INFO 19136 --- [main] o.s.b.w.embedded.tomcat.TomcatWebServer  : Tomcat initialized with port 8080 (http)
2023-12-20T13:04:44.580+07:00  INFO 19136 --- [main] o.apache.catalina.core.StandardService   : Starting service [Tomcat]
2023-12-20T13:04:44.580+07:00  INFO 19136 --- [main] o.apache.catalina.core.StandardEngine    : Starting Servlet engine: [Apache Tomcat/10.1.16]
2023-12-20T13:04:44.616+07:00  INFO 19136 --- [main] o.a.c.c.C.[Tomcat].[localhost].[/]       : Initializing Spring embedded WebApplicationContext
2023-12-20T13:04:44.616+07:00  INFO 19136 --- [main] w.s.c.ServletWebServerApplicationContext : Root WebApplicationContext: initialization completed in 749 ms
2023-12-20T13:04:44.878+07:00  WARN 19136 --- [main] ConfigServletWebServerApplicationContext : Exception encountered during context initialization - cancelling refresh attempt: org.springframework.context.ApplicationContextException: Failed to start bean 'webServerStartStop'
2023-12-20T13:04:44.891+07:00  INFO 19136 --- [main] .s.b.a.l.ConditionEvaluationReportLogger : 

Error starting ApplicationContext. To display the condition evaluation report re-run your application with 'debug' enabled.
2023-12-20T13:04:44.904+07:00 ERROR 19136 --- [main] o.s.b.d.LoggingFailureAnalysisReporter   : 

***************************
APPLICATION FAILED TO START
***************************

Description:

Web server failed to start. Port 8080 was already in use.

Action:

Identify and stop the process that's listening on port 8080 or configure this application to listen on another port.

2023-12-20T13:05:04.682+07:00  INFO 29084 --- [main] com.example.demo.DemoApplication         : Starting DemoApplication using Java 21.0.1 with PID 29084 (C:\Users\asus\Downloads\demo (3)\demo\target\classes started by asus in C:\Users\asus\Downloads\demo (3))
2023-12-20T13:05:04.684+07:00 DEBUG 29084 --- [main] com.example.demo.DemoApplication         : Running with Spring Boot v3.2.0, Spring v6.1.1
2023-12-20T13:05:04.685+07:00  INFO 29084 --- [main] com.example.demo.DemoApplication         : No active profile set, falling back to 1 default profile: "default"
2023-12-20T13:05:05.414+07:00  INFO 29084 --- [main] o.s.b.w.embedded.tomcat.TomcatWebServer  : Tomcat initialized with port 8081 (http)
2023-12-20T13:05:05.421+07:00  INFO 29084 --- [main] o.apache.catalina.core.StandardService   : Starting service [Tomcat]
2023-12-20T13:05:05.421+07:00  INFO 29084 --- [main] o.apache.catalina.core.StandardEngine    : Starting Servlet engine: [Apache Tomcat/10.1.16]
2023-12-20T13:05:05.462+07:00  INFO 29084 --- [main] o.a.c.c.C.[Tomcat].[localhost].[/]       : Initializing Spring embedded WebApplicationContext
2023-12-20T13:05:05.462+07:00  INFO 29084 --- [main] w.s.c.ServletWebServerApplicationContext : Root WebApplicationContext: initialization completed in 744 ms
2023-12-20T13:05:05.741+07:00  INFO 29084 --- [main] o.s.b.w.embedded.tomcat.TomcatWebServer  : Tomcat started on port 8081 (http) with context path ''
2023-12-20T13:05:05.747+07:00  INFO 29084 --- [main] com.example.demo.DemoApplication         : Started DemoApplication in 1.423 seconds (process running for 1.697)
2023-12-20T13:06:10.934+07:00  INFO 29084 --- [http-nio-8081-exec-2] o.a.c.c.C.[Tomcat].[localhost].[/]       : Initializing Spring DispatcherServlet 'dispatcherServlet'
2023-12-20T13:06:10.934+07:00  INFO 29084 --- [http-nio-8081-exec-2] o.s.web.servlet.DispatcherServlet        : Initializing Servlet 'dispatcherServlet'
2023-12-20T13:06:10.935+07:00  INFO 29084 --- [http-nio-8081-exec-2] o.s.web.servlet.DispatcherServlet        : Completed initialization in 1 ms
2023-12-20T13:49:55.515+07:00  INFO 24644 --- [main] com.example.demo.DemoApplication         : Starting DemoApplication using Java 21.0.1 with PID 24644 (C:\Users\asus\Downloads\demo (3)\demo\target\classes started by asus in C:\Users\asus\Downloads\demo (3))
2023-12-20T13:49:55.516+07:00 DEBUG 24644 --- [main] com.example.demo.DemoApplication         : Running with Spring Boot v3.2.0, Spring v6.1.1
2023-12-20T13:49:55.517+07:00  INFO 24644 --- [main] com.example.demo.DemoApplication         : No active profile set, falling back to 1 default profile: "default"
2023-12-20T13:49:56.244+07:00  INFO 24644 --- [main] o.s.b.w.embedded.tomcat.TomcatWebServer  : Tomcat initialized with port 8081 (http)
2023-12-20T13:49:56.252+07:00  INFO 24644 --- [main] o.apache.catalina.core.StandardService   : Starting service [Tomcat]
2023-12-20T13:49:56.252+07:00  INFO 24644 --- [main] o.apache.catalina.core.StandardEngine    : Starting Servlet engine: [Apache Tomcat/10.1.16]
2023-12-20T13:49:56.292+07:00  INFO 24644 --- [main] o.a.c.c.C.[Tomcat].[localhost].[/]       : Initializing Spring embedded WebApplicationContext
2023-12-20T13:49:56.292+07:00  INFO 24644 --- [main] w.s.c.ServletWebServerApplicationContext : Root WebApplicationContext: initialization completed in 743 ms
2023-12-20T13:49:56.570+07:00  INFO 24644 --- [main] o.s.b.w.embedded.tomcat.TomcatWebServer  : Tomcat started on port 8081 (http) with context path ''
2023-12-20T13:49:56.575+07:00  INFO 24644 --- [main] com.example.demo.DemoApplication         : Started DemoApplication in 1.409 seconds (process running for 1.674)
2023-12-20T13:51:05.197+07:00  INFO 24644 --- [http-nio-8081-exec-2] o.a.c.c.C.[Tomcat].[localhost].[/]       : Initializing Spring DispatcherServlet 'dispatcherServlet'
2023-12-20T13:51:05.197+07:00  INFO 24644 --- [http-nio-8081-exec-2] o.s.web.servlet.DispatcherServlet        : Initializing Servlet 'dispatcherServlet'
2023-12-20T13:51:05.198+07:00  INFO 24644 --- [http-nio-8081-exec-2] o.s.web.servlet.DispatcherServlet        : Completed initialization in 1 ms
2023-12-20T14:01:08.961+07:00  INFO 2108 --- [main] com.example.demo.DemoApplication         : Starting DemoApplication using Java 21.0.1 with PID 2108 (C:\Users\asus\Downloads\demo (3)\demo\target\classes started by asus in C:\Users\asus\Downloads\demo (3))
2023-12-20T14:01:08.962+07:00 DEBUG 2108 --- [main] com.example.demo.DemoApplication         : Running with Spring Boot v3.2.0, Spring v6.1.1
2023-12-20T14:01:08.963+07:00  INFO 2108 --- [main] com.example.demo.DemoApplication         : No active profile set, falling back to 1 default profile: "default"
2023-12-20T14:01:09.706+07:00  INFO 2108 --- [main] o.s.b.w.embedded.tomcat.TomcatWebServer  : Tomcat initialized with port 8081 (http)
2023-12-20T14:01:09.714+07:00  INFO 2108 --- [main] o.apache.catalina.core.StandardService   : Starting service [Tomcat]
2023-12-20T14:01:09.714+07:00  INFO 2108 --- [main] o.apache.catalina.core.StandardEngine    : Starting Servlet engine: [Apache Tomcat/10.1.16]
2023-12-20T14:01:09.755+07:00  INFO 2108 --- [main] o.a.c.c.C.[Tomcat].[localhost].[/]       : Initializing Spring embedded WebApplicationContext
2023-12-20T14:01:09.755+07:00  INFO 2108 --- [main] w.s.c.ServletWebServerApplicationContext : Root WebApplicationContext: initialization completed in 757 ms
2023-12-20T14:01:10.018+07:00  INFO 2108 --- [main] o.s.b.w.embedded.tomcat.TomcatWebServer  : Tomcat started on port 8081 (http) with context path ''
2023-12-20T14:01:10.023+07:00  INFO 2108 --- [main] com.example.demo.DemoApplication         : Started DemoApplication in 1.424 seconds (process running for 1.706)
2023-12-20T14:01:13.167+07:00  INFO 2108 --- [http-nio-8081-exec-1] o.a.c.c.C.[Tomcat].[localhost].[/]       : Initializing Spring DispatcherServlet 'dispatcherServlet'
2023-12-20T14:01:13.168+07:00  INFO 2108 --- [http-nio-8081-exec-1] o.s.web.servlet.DispatcherServlet        : Initializing Servlet 'dispatcherServlet'
2023-12-20T14:01:13.169+07:00  INFO 2108 --- [http-nio-8081-exec-1] o.s.web.servlet.DispatcherServlet        : Completed initialization in 1 ms
